INFO (15, test_types):   0 / 1666:         73138176 /   2.5860875718090325e-36
INFO (15, test_types):   1 / 1670:         77989030 /   3.9030681362941664e-36
INFO (15, test_types):   2 / 1674:         77989030 /   3.9030681362941664e-36
INFO (15, test_types):   3 / 1678:         77989030 /   3.9030681362941664e-36
INFO (15, test_types):   4 / 1682:         77989030 /   3.9030681362941664e-36
INFO (15, test_types):   5 / 1686:         77989030 /   3.9030681362941664e-36
INFO (15, test_types):   6 / 1690:         77989030 /   3.9030681362941664e-36
INFO (15, test_types):   7 / 1694:         77989030 /   3.9030681362941664e-36
INFO (15, test_types):   8 / 1698:         77989030 /   3.9030681362941664e-36
INFO (15, test_types):   9 / 1702:         77989030 /   3.9030681362941664e-36
INFO (15, test_types):  10 / 1706:         77989030 /   3.9030681362941664e-36
INFO (15, test_types):  11 / 1710:         77989030 /   3.9030681362941664e-36
INFO (15, test_types):  12 / 1714:         77989030 /   3.9030681362941664e-36
INFO (15, test_types):  13 / 1718:         77989030 /   3.9030681362941664e-36
INFO (15, test_types):  14 / 1722:         77989030 /   3.9030681362941664e-36
INFO (15, test_types):  15 / 1726:         77989030 /   3.9030681362941664e-36
INFO (15, test_types):  16 / 1730:         77989030 /   3.9030681362941664e-36
INFO (15, test_types):  17 / 1734:         77989030 /   3.9030681362941664e-36
INFO (15, test_types):  18 / 1738:         77989030 /   3.9030681362941664e-36
INFO (15, test_types):  19 / 1742:         77989030 /   3.9030681362941664e-36
INFO (15, test_types):  20 / 1746:         77989030 /   3.9030681362941664e-36
INFO (15, test_types):  21 / 1750:         77989030 /   3.9030681362941664e-36
INFO (15, test_types):  22 / 1754:         77989030 /   3.9030681362941664e-36
INFO (15, test_types):  23 / 1758:         77989030 /   3.9030681362941664e-36
INFO (15, test_types):  24 / 1762:         77989030 /   3.9030681362941664e-36
INFO (15, test_types):  25 / 1766:         77989030 /   3.9030681362941664e-36
INFO (15, test_types):  26 / 1770:         77989030 /   3.9030681362941664e-36
INFO (15, test_types):  27 / 1774:         77989030 /   3.9030681362941664e-36
INFO (15, test_types):  28 / 1778:         77989030 /   3.9030681362941664e-36
INFO (15, test_types):  29 / 1782:         77989030 /   3.9030681362941664e-36
INFO (15, test_types):  30 / 1786:         77989030 /   3.9030681362941664e-36
INFO (15, test_types):  31 / 1790:         77989030 /   3.9030681362941664e-36
INFO (15, test_types):  32 / 1794:         77989030 /   3.9030681362941664e-36
INFO (15, test_types):  33 / 1798:         77989030 /   3.9030681362941664e-36
INFO (15, test_types):  34 / 1802:         77989030 /   3.9030681362941664e-36
INFO (15, test_types):  35 / 1806:         77989030 /   3.9030681362941664e-36
INFO (15, test_types):  36 / 1810:         77989030 /   3.9030681362941664e-36
INFO (15, test_types):  37 / 1814:         77989030 /   3.9030681362941664e-36
INFO (15, test_types):  38 / 1818:         77989030 /   3.9030681362941664e-36
INFO (15, test_types):  39 / 1822:         77989030 /   3.9030681362941664e-36
INFO (15, test_types):  40 / 1826:         77989030 /   3.9030681362941664e-36
INFO (15, test_types):  41 / 1830:         77989030 /   3.9030681362941664e-36
INFO (15, test_types):  42 / 1834:         77989030 /   3.9030681362941664e-36
INFO (15, test_types):  43 / 1838:         77989030 /   3.9030681362941664e-36
INFO (15, test_types):  44 / 1842:         77989030 /   3.9030681362941664e-36
INFO (15, test_types):  45 / 1846:         77989030 /   3.9030681362941664e-36
INFO (15, test_types):  46 / 1850:         77989030 /   3.9030681362941664e-36
INFO (15, test_types):  47 / 1854:         77989030 /   3.9030681362941664e-36
INFO (15, test_types):  48 / 1858:         77989030 /   3.9030681362941664e-36
INFO (15, test_types):  49 / 1862:         77989030 /   3.9030681362941664e-36
INFO (15, test_types):  50 / 1866:         77989030 /   3.9030681362941664e-36
INFO (15, test_types):  51 / 1870:         77989030 /   3.9030681362941664e-36
INFO (15, test_types):  52 / 1874:         77989030 /   3.9030681362941664e-36
INFO (15, test_types):  53 / 1878:         77989030 /   3.9030681362941664e-36
INFO (15, test_types):  54 / 1882:         77989030 /   3.9030681362941664e-36
INFO (15, test_types):  55 / 1886:         77989030 /   3.9030681362941664e-36
INFO (15, test_types):  56 / 1890:         77989030 /   3.9030681362941664e-36
INFO (15, test_types):  57 / 1894:         77989030 /   3.9030681362941664e-36
INFO (15, test_types):  58 / 1898:         77989030 /   3.9030681362941664e-36
INFO (15, test_types):  59 / 1902:         77989030 /   3.9030681362941664e-36
INFO (15, test_types):  60 / 1906:         77989030 /   3.9030681362941664e-36
INFO (15, test_types):  61 / 1910:         77989030 /   3.9030681362941664e-36
INFO (15, test_types):  62 / 1914:         77989030 /   3.9030681362941664e-36
INFO (15, test_types):  63 / 1918:         77989030 /   3.9030681362941664e-36
INFO (21, test_types):   0 / 1666:                0 /                0
INFO (21, test_types):   1 / 1668:             1116 /             1116
INFO (21, test_types):   2 / 1670:             1190 /             1190
INFO (21, test_types):   3 / 1672:             1190 /             1190
INFO (21, test_types):   4 / 1674:             1190 /             1190
INFO (21, test_types):   5 / 1676:             1190 /             1190
INFO (21, test_types):   6 / 1678:             1190 /             1190
INFO (21, test_types):   7 / 1680:             1190 /             1190
INFO (21, test_types):   8 / 1682:             1190 /             1190
INFO (21, test_types):   9 / 1684:             1190 /             1190
INFO (21, test_types):  10 / 1686:             1190 /             1190
INFO (21, test_types):  11 / 1688:             1190 /             1190
INFO (21, test_types):  12 / 1690:             1190 /             1190
INFO (21, test_types):  13 / 1692:             1190 /             1190
INFO (21, test_types):  14 / 1694:             1190 /             1190
INFO (21, test_types):  15 / 1696:             1190 /             1190
INFO (21, test_types):  16 / 1698:             1190 /             1190
INFO (21, test_types):  17 / 1700:             1190 /             1190
INFO (21, test_types):  18 / 1702:             1190 /             1190
INFO (21, test_types):  19 / 1704:             1190 /             1190
INFO (21, test_types):  20 / 1706:             1190 /             1190
INFO (21, test_types):  21 / 1708:             1190 /             1190
INFO (21, test_types):  22 / 1710:             1190 /             1190
INFO (21, test_types):  23 / 1712:             1190 /             1190
INFO (21, test_types):  24 / 1714:             1190 /             1190
INFO (21, test_types):  25 / 1716:             1190 /             1190
INFO (21, test_types):  26 / 1718:             1190 /             1190
INFO (21, test_types):  27 / 1720:             1190 /             1190
INFO (21, test_types):  28 / 1722:             1190 /             1190
INFO (21, test_types):  29 / 1724:             1190 /             1190
INFO (21, test_types):  30 / 1726:             1190 /             1190
INFO (21, test_types):  31 / 1728:             1190 /             1190
INFO (21, test_types):  32 / 1730:             1190 /             1190
INFO (21, test_types):  33 / 1732:             1190 /             1190
INFO (21, test_types):  34 / 1734:             1190 /             1190
INFO (21, test_types):  35 / 1736:             1190 /             1190
INFO (21, test_types):  36 / 1738:             1190 /             1190
INFO (21, test_types):  37 / 1740:             1190 /             1190
INFO (21, test_types):  38 / 1742:             1190 /             1190
INFO (21, test_types):  39 / 1744:             1190 /             1190
INFO (21, test_types):  40 / 1746:             1190 /             1190
INFO (21, test_types):  41 / 1748:             1190 /             1190
INFO (21, test_types):  42 / 1750:             1190 /             1190
INFO (21, test_types):  43 / 1752:             1190 /             1190
INFO (21, test_types):  44 / 1754:             1190 /             1190
INFO (21, test_types):  45 / 1756:             1190 /             1190
INFO (21, test_types):  46 / 1758:             1190 /             1190
INFO (21, test_types):  47 / 1760:             1190 /             1190
INFO (21, test_types):  48 / 1762:             1190 /             1190
INFO (21, test_types):  49 / 1764:             1190 /             1190
INFO (21, test_types):  50 / 1766:             1190 /             1190
INFO (21, test_types):  51 / 1768:             1190 /             1190
INFO (21, test_types):  52 / 1770:             1190 /             1190
INFO (21, test_types):  53 / 1772:             1190 /             1190
INFO (21, test_types):  54 / 1774:             1190 /             1190
INFO (21, test_types):  55 / 1776:             1190 /             1190
INFO (21, test_types):  56 / 1778:             1190 /             1190
INFO (21, test_types):  57 / 1780:             1190 /             1190
INFO (21, test_types):  58 / 1782:             1190 /             1190
INFO (21, test_types):  59 / 1784:             1190 /             1190
INFO (21, test_types):  60 / 1786:             1190 /             1190
INFO (21, test_types):  61 / 1788:             1190 /             1190
INFO (21, test_types):  62 / 1790:             1190 /             1190
INFO (21, test_types):  63 / 1792:             1190 /             1190
INFO (21, test_types):  64 / 1794:             1190 /             1190
INFO (21, test_types):  65 / 1796:             1190 /             1190
INFO (21, test_types):  66 / 1798:             1190 /             1190
INFO (21, test_types):  67 / 1800:             1190 /             1190
INFO (21, test_types):  68 / 1802:             1190 /             1190
INFO (21, test_types):  69 / 1804:             1190 /             1190
INFO (21, test_types):  70 / 1806:             1190 /             1190
INFO (21, test_types):  71 / 1808:             1190 /             1190
INFO (21, test_types):  72 / 1810:             1190 /             1190
INFO (21, test_types):  73 / 1812:             1190 /             1190
INFO (21, test_types):  74 / 1814:             1190 /             1190
INFO (21, test_types):  75 / 1816:             1190 /             1190
INFO (21, test_types):  76 / 1818:             1190 /             1190
INFO (21, test_types):  77 / 1820:             1190 /             1190
INFO (21, test_types):  78 / 1822:             1190 /             1190
INFO (21, test_types):  79 / 1824:             1190 /             1190
INFO (21, test_types):  80 / 1826:             1190 /             1190
INFO (21, test_types):  81 / 1828:             1190 /             1190
INFO (21, test_types):  82 / 1830:             1190 /             1190
INFO (21, test_types):  83 / 1832:             1190 /             1190
INFO (21, test_types):  84 / 1834:             1190 /             1190
INFO (21, test_types):  85 / 1836:             1190 /             1190
INFO (21, test_types):  86 / 1838:             1190 /             1190
INFO (21, test_types):  87 / 1840:             1190 /             1190
INFO (21, test_types):  88 / 1842:             1190 /             1190
INFO (21, test_types):  89 / 1844:             1190 /             1190
INFO (21, test_types):  90 / 1846:             1190 /             1190
INFO (21, test_types):  91 / 1848:             1190 /             1190
INFO (21, test_types):  92 / 1850:             1190 /             1190
INFO (21, test_types):  93 / 1852:             1190 /             1190
INFO (21, test_types):  94 / 1854:             1190 /             1190
INFO (21, test_types):  95 / 1856:             1190 /             1190
INFO (21, test_types):  96 / 1858:             1190 /             1190
INFO (21, test_types):  97 / 1860:             1190 /             1190
INFO (21, test_types):  98 / 1862:             1190 /             1190
INFO (21, test_types):  99 / 1864:             1190 /             1190
INFO (21, test_types): 100 / 1866:             1190 /             1190
INFO (21, test_types): 101 / 1868:             1190 /             1190
INFO (21, test_types): 102 / 1870:             1190 /             1190
INFO (21, test_types): 103 / 1872:             1190 /             1190
INFO (21, test_types): 104 / 1874:             1190 /             1190
INFO (21, test_types): 105 / 1876:             1190 /             1190
INFO (21, test_types): 106 / 1878:             1190 /             1190
INFO (21, test_types): 107 / 1880:             1190 /             1190
INFO (21, test_types): 108 / 1882:             1190 /             1190
INFO (21, test_types): 109 / 1884:             1190 /             1190
INFO (21, test_types): 110 / 1886:             1190 /             1190
INFO (21, test_types): 111 / 1888:             1190 /             1190
INFO (21, test_types): 112 / 1890:             1190 /             1190
INFO (21, test_types): 113 / 1892:             1190 /             1190
INFO (21, test_types): 114 / 1894:             1190 /             1190
INFO (21, test_types): 115 / 1896:             1190 /             1190
INFO (21, test_types): 116 / 1898:             1190 /             1190
INFO (21, test_types): 117 / 1900:             1190 /             1190
INFO (21, test_types): 118 / 1902:             1190 /             1190
INFO (21, test_types): 119 / 1904:             1190 /             1190
INFO (21, test_types): 120 / 1906:             1190 /             1190
INFO (21, test_types): 121 / 1908:             1190 /             1190
INFO (21, test_types): 122 / 1910:             1190 /             1190
INFO (21, test_types): 123 / 1912:             1190 /             1190
INFO (21, test_types): 124 / 1914:             1190 /             1190
INFO (21, test_types): 125 / 1916:             1190 /             1190
INFO (21, test_types): 126 / 1918:             1190 /             1190
INFO (21, test_types): 127 / 1920:             1190 /             1190
INFO (27, test_types):   0 / 1666:                0
INFO (27, test_types):   1 / 1667:                0
INFO (27, test_types):   2 / 1668:               92
INFO (27, test_types):   3 / 1669:                4
INFO (27, test_types):   4 / 1670:              166
INFO (27, test_types):   5 / 1671:                4
INFO (27, test_types):   6 / 1672:              166
INFO (27, test_types):   7 / 1673:                4
INFO (27, test_types):   8 / 1674:              166
INFO (27, test_types):   9 / 1675:                4
INFO (27, test_types):  10 / 1676:              166
INFO (27, test_types):  11 / 1677:                4
INFO (27, test_types):  12 / 1678:              166
INFO (27, test_types):  13 / 1679:                4
INFO (27, test_types):  14 / 1680:              166
INFO (27, test_types):  15 / 1681:                4
INFO (27, test_types):  16 / 1682:              166
INFO (27, test_types):  17 / 1683:                4
INFO (27, test_types):  18 / 1684:              166
INFO (27, test_types):  19 / 1685:                4
INFO (27, test_types):  20 / 1686:              166
INFO (27, test_types):  21 / 1687:                4
INFO (27, test_types):  22 / 1688:              166
INFO (27, test_types):  23 / 1689:                4
INFO (27, test_types):  24 / 1690:              166
INFO (27, test_types):  25 / 1691:                4
INFO (27, test_types):  26 / 1692:              166
INFO (27, test_types):  27 / 1693:                4
INFO (27, test_types):  28 / 1694:              166
INFO (27, test_types):  29 / 1695:                4
INFO (27, test_types):  30 / 1696:              166
INFO (27, test_types):  31 / 1697:                4
INFO (27, test_types):  32 / 1698:              166
INFO (27, test_types):  33 / 1699:                4
INFO (27, test_types):  34 / 1700:              166
INFO (27, test_types):  35 / 1701:                4
INFO (27, test_types):  36 / 1702:              166
INFO (27, test_types):  37 / 1703:                4
INFO (27, test_types):  38 / 1704:              166
INFO (27, test_types):  39 / 1705:                4
INFO (27, test_types):  40 / 1706:              166
INFO (27, test_types):  41 / 1707:                4
INFO (27, test_types):  42 / 1708:              166
INFO (27, test_types):  43 / 1709:                4
INFO (27, test_types):  44 / 1710:              166
INFO (27, test_types):  45 / 1711:                4
INFO (27, test_types):  46 / 1712:              166
INFO (27, test_types):  47 / 1713:                4
INFO (27, test_types):  48 / 1714:              166
INFO (27, test_types):  49 / 1715:                4
INFO (27, test_types):  50 / 1716:              166
INFO (27, test_types):  51 / 1717:                4
INFO (27, test_types):  52 / 1718:              166
INFO (27, test_types):  53 / 1719:                4
INFO (27, test_types):  54 / 1720:              166
INFO (27, test_types):  55 / 1721:                4
INFO (27, test_types):  56 / 1722:              166
INFO (27, test_types):  57 / 1723:                4
INFO (27, test_types):  58 / 1724:              166
INFO (27, test_types):  59 / 1725:                4
INFO (27, test_types):  60 / 1726:              166
INFO (27, test_types):  61 / 1727:                4
INFO (27, test_types):  62 / 1728:              166
INFO (27, test_types):  63 / 1729:                4
INFO (27, test_types):  64 / 1730:              166
INFO (27, test_types):  65 / 1731:                4
INFO (27, test_types):  66 / 1732:              166
INFO (27, test_types):  67 / 1733:                4
INFO (27, test_types):  68 / 1734:              166
INFO (27, test_types):  69 / 1735:                4
INFO (27, test_types):  70 / 1736:              166
INFO (27, test_types):  71 / 1737:                4
INFO (27, test_types):  72 / 1738:              166
INFO (27, test_types):  73 / 1739:                4
INFO (27, test_types):  74 / 1740:              166
INFO (27, test_types):  75 / 1741:                4
INFO (27, test_types):  76 / 1742:              166
INFO (27, test_types):  77 / 1743:                4
INFO (27, test_types):  78 / 1744:              166
INFO (27, test_types):  79 / 1745:                4
INFO (27, test_types):  80 / 1746:              166
INFO (27, test_types):  81 / 1747:                4
INFO (27, test_types):  82 / 1748:              166
INFO (27, test_types):  83 / 1749:                4
INFO (27, test_types):  84 / 1750:              166
INFO (27, test_types):  85 / 1751:                4
INFO (27, test_types):  86 / 1752:              166
INFO (27, test_types):  87 / 1753:                4
INFO (27, test_types):  88 / 1754:              166
INFO (27, test_types):  89 / 1755:                4
INFO (27, test_types):  90 / 1756:              166
INFO (27, test_types):  91 / 1757:                4
INFO (27, test_types):  92 / 1758:              166
INFO (27, test_types):  93 / 1759:                4
INFO (27, test_types):  94 / 1760:              166
INFO (27, test_types):  95 / 1761:                4
INFO (27, test_types):  96 / 1762:              166
INFO (27, test_types):  97 / 1763:                4
INFO (27, test_types):  98 / 1764:              166
INFO (27, test_types):  99 / 1765:                4
INFO (27, test_types): 100 / 1766:              166
INFO (27, test_types): 101 / 1767:                4
INFO (27, test_types): 102 / 1768:              166
INFO (27, test_types): 103 / 1769:                4
INFO (27, test_types): 104 / 1770:              166
INFO (27, test_types): 105 / 1771:                4
INFO (27, test_types): 106 / 1772:              166
INFO (27, test_types): 107 / 1773:                4
INFO (27, test_types): 108 / 1774:              166
INFO (27, test_types): 109 / 1775:                4
INFO (27, test_types): 110 / 1776:              166
INFO (27, test_types): 111 / 1777:                4
INFO (27, test_types): 112 / 1778:              166
INFO (27, test_types): 113 / 1779:                4
INFO (27, test_types): 114 / 1780:              166
INFO (27, test_types): 115 / 1781:                4
INFO (27, test_types): 116 / 1782:              166
INFO (27, test_types): 117 / 1783:                4
INFO (27, test_types): 118 / 1784:              166
INFO (27, test_types): 119 / 1785:                4
INFO (27, test_types): 120 / 1786:              166
INFO (27, test_types): 121 / 1787:                4
INFO (27, test_types): 122 / 1788:              166
INFO (27, test_types): 123 / 1789:                4
INFO (27, test_types): 124 / 1790:              166
INFO (27, test_types): 125 / 1791:                4
INFO (27, test_types): 126 / 1792:              166
INFO (27, test_types): 127 / 1793:                4
INFO (27, test_types): 128 / 1794:              166
INFO (27, test_types): 129 / 1795:                4
INFO (27, test_types): 130 / 1796:              166
INFO (27, test_types): 131 / 1797:                4
INFO (27, test_types): 132 / 1798:              166
INFO (27, test_types): 133 / 1799:                4
INFO (27, test_types): 134 / 1800:              166
INFO (27, test_types): 135 / 1801:                4
INFO (27, test_types): 136 / 1802:              166
INFO (27, test_types): 137 / 1803:                4
INFO (27, test_types): 138 / 1804:              166
INFO (27, test_types): 139 / 1805:                4
INFO (27, test_types): 140 / 1806:              166
INFO (27, test_types): 141 / 1807:                4
INFO (27, test_types): 142 / 1808:              166
INFO (27, test_types): 143 / 1809:                4
INFO (27, test_types): 144 / 1810:              166
INFO (27, test_types): 145 / 1811:                4
INFO (27, test_types): 146 / 1812:              166
INFO (27, test_types): 147 / 1813:                4
INFO (27, test_types): 148 / 1814:              166
INFO (27, test_types): 149 / 1815:                4
INFO (27, test_types): 150 / 1816:              166
INFO (27, test_types): 151 / 1817:                4
INFO (27, test_types): 152 / 1818:              166
INFO (27, test_types): 153 / 1819:                4
INFO (27, test_types): 154 / 1820:              166
INFO (27, test_types): 155 / 1821:                4
INFO (27, test_types): 156 / 1822:              166
INFO (27, test_types): 157 / 1823:                4
INFO (27, test_types): 158 / 1824:              166
INFO (27, test_types): 159 / 1825:                4
INFO (27, test_types): 160 / 1826:              166
INFO (27, test_types): 161 / 1827:                4
INFO (27, test_types): 162 / 1828:              166
INFO (27, test_types): 163 / 1829:                4
INFO (27, test_types): 164 / 1830:              166
INFO (27, test_types): 165 / 1831:                4
INFO (27, test_types): 166 / 1832:              166
INFO (27, test_types): 167 / 1833:                4
INFO (27, test_types): 168 / 1834:              166
INFO (27, test_types): 169 / 1835:                4
INFO (27, test_types): 170 / 1836:              166
INFO (27, test_types): 171 / 1837:                4
INFO (27, test_types): 172 / 1838:              166
INFO (27, test_types): 173 / 1839:                4
INFO (27, test_types): 174 / 1840:              166
INFO (27, test_types): 175 / 1841:                4
INFO (27, test_types): 176 / 1842:              166
INFO (27, test_types): 177 / 1843:                4
INFO (27, test_types): 178 / 1844:              166
INFO (27, test_types): 179 / 1845:                4
INFO (27, test_types): 180 / 1846:              166
INFO (27, test_types): 181 / 1847:                4
INFO (27, test_types): 182 / 1848:              166
INFO (27, test_types): 183 / 1849:                4
INFO (27, test_types): 184 / 1850:              166
INFO (27, test_types): 185 / 1851:                4
INFO (27, test_types): 186 / 1852:              166
INFO (27, test_types): 187 / 1853:                4
INFO (27, test_types): 188 / 1854:              166
INFO (27, test_types): 189 / 1855:                4
INFO (27, test_types): 190 / 1856:              166
INFO (27, test_types): 191 / 1857:                4
INFO (27, test_types): 192 / 1858:              166
INFO (27, test_types): 193 / 1859:                4
INFO (27, test_types): 194 / 1860:              166
INFO (27, test_types): 195 / 1861:                4
INFO (27, test_types): 196 / 1862:              166
INFO (27, test_types): 197 / 1863:                4
INFO (27, test_types): 198 / 1864:              166
INFO (27, test_types): 199 / 1865:                4
INFO (27, test_types): 200 / 1866:              166
INFO (27, test_types): 201 / 1867:                4
INFO (27, test_types): 202 / 1868:              166
INFO (27, test_types): 203 / 1869:                4
INFO (27, test_types): 204 / 1870:              166
INFO (27, test_types): 205 / 1871:                4
INFO (27, test_types): 206 / 1872:              166
INFO (27, test_types): 207 / 1873:                4
INFO (27, test_types): 208 / 1874:              166
INFO (27, test_types): 209 / 1875:                4
INFO (27, test_types): 210 / 1876:              166
INFO (27, test_types): 211 / 1877:                4
INFO (27, test_types): 212 / 1878:              166
INFO (27, test_types): 213 / 1879:                4
INFO (27, test_types): 214 / 1880:              166
INFO (27, test_types): 215 / 1881:                4
INFO (27, test_types): 216 / 1882:              166
INFO (27, test_types): 217 / 1883:                4
INFO (27, test_types): 218 / 1884:              166
INFO (27, test_types): 219 / 1885:                4
INFO (27, test_types): 220 / 1886:              166
INFO (27, test_types): 221 / 1887:                4
INFO (27, test_types): 222 / 1888:              166
INFO (27, test_types): 223 / 1889:                4
INFO (27, test_types): 224 / 1890:              166
INFO (27, test_types): 225 / 1891:                4
INFO (27, test_types): 226 / 1892:              166
INFO (27, test_types): 227 / 1893:                4
INFO (27, test_types): 228 / 1894:              166
INFO (27, test_types): 229 / 1895:                4
INFO (27, test_types): 230 / 1896:              166
INFO (27, test_types): 231 / 1897:                4
INFO (27, test_types): 232 / 1898:              166
INFO (27, test_types): 233 / 1899:                4
INFO (27, test_types): 234 / 1900:              166
INFO (27, test_types): 235 / 1901:                4
INFO (27, test_types): 236 / 1902:              166
INFO (27, test_types): 237 / 1903:                4
INFO (27, test_types): 238 / 1904:              166
INFO (27, test_types): 239 / 1905:                4
INFO (27, test_types): 240 / 1906:              166
INFO (27, test_types): 241 / 1907:                4
INFO (27, test_types): 242 / 1908:              166
INFO (27, test_types): 243 / 1909:                4
INFO (27, test_types): 244 / 1910:              166
INFO (27, test_types): 245 / 1911:                4
INFO (27, test_types): 246 / 1912:              166
INFO (27, test_types): 247 / 1913:                4
INFO (27, test_types): 248 / 1914:              166
INFO (27, test_types): 249 / 1915:                4
INFO (27, test_types): 250 / 1916:              166
INFO (27, test_types): 251 / 1917:                4
INFO (27, test_types): 252 / 1918:              166
INFO (27, test_types): 253 / 1919:                4
INFO (27, test_types): 254 / 1920:              166
INFO (27, test_types): 255 / 1921:                4
