INFO (20, ints): 

--- INTS ---

INFO (23, ints): (1152,)
INFO (23, ints): (3,)
INFO (23, ints): (1024,)
INFO (23, ints): (257,)
INFO (23, ints): (2,)
INFO (23, ints): (1107296256,)
INFO (23, ints): (1036831949,)
INFO (23, ints): (4294967168,)
INFO (23, ints): (128,)
INFO (23, ints): (4294967168,)
INFO (23, ints): (128,)
INFO (23, ints): (0,)
INFO (23, ints): (0,)
INFO (23, ints): (0,)
INFO (23, ints): (0,)
INFO (23, ints): (0,)
INFO (23, ints): (1015021568,)
INFO (23, ints): (1006632960,)
INFO (23, ints): (1006632960,)
INFO (23, ints): (1006632960,)
INFO (23, ints): (1015021568,)
INFO (23, ints): (1006632960,)
INFO (23, ints): (1006632960,)
INFO (23, ints): (1015021568,)
INFO (23, ints): (1023410176,)
INFO (23, ints): (1023410176,)
INFO (23, ints): (1023410176,)
INFO (23, ints): (1023410176,)
INFO (23, ints): (1023410176,)
INFO (23, ints): (1023410176,)
INFO (23, ints): (998244352,)
INFO (23, ints): (998244352,)
INFO (23, ints): (1601397099,)
INFO (23, ints): (1852399981,)
INFO (23, ints): (1949185631,)
INFO (23, ints): (24935,)
INFO (23, ints): (0,)
INFO (23, ints): (0,)
INFO (23, ints): (0,)
INFO (23, ints): (0,)
INFO (23, ints): (1601397099,)
INFO (23, ints): (1852399981,)
INFO (23, ints): (1949185887,)
INFO (23, ints): (24935,)
INFO (23, ints): (0,)
INFO (23, ints): (0,)
INFO (23, ints): (0,)
INFO (23, ints): (0,)
INFO (23, ints): (1601397099,)
INFO (23, ints): (1852399981,)
INFO (23, ints): (1949185119,)
INFO (23, ints): (24935,)
INFO (23, ints): (0,)
INFO (23, ints): (0,)
INFO (23, ints): (0,)
INFO (23, ints): (0,)
INFO (23, ints): (1601397099,)
INFO (23, ints): (1852399981,)
INFO (23, ints): (778123103,)
INFO (23, ints): (6383476,)
INFO (23, ints): (0,)
INFO (23, ints): (0,)
INFO (23, ints): (0,)
INFO (23, ints): (0,)
INFO (23, ints): (0,)
INFO (23, ints): (0,)
INFO (23, ints): (0,)
INFO (23, ints): (0,)
INFO (23, ints): (0,)
INFO (23, ints): (0,)
INFO (23, ints): (0,)
INFO (23, ints): (0,)
INFO (23, ints): (0,)
INFO (23, ints): (0,)
INFO (23, ints): (0,)
INFO (23, ints): (0,)
INFO (23, ints): (0,)
INFO (23, ints): (0,)
INFO (23, ints): (0,)
INFO (23, ints): (0,)
INFO (23, ints): (0,)
INFO (23, ints): (0,)
INFO (23, ints): (0,)
INFO (23, ints): (0,)
INFO (23, ints): (0,)
INFO (23, ints): (0,)
INFO (23, ints): (0,)
INFO (23, ints): (0,)
INFO (23, ints): (0,)
INFO (23, ints): (0,)
INFO (23, ints): (0,)
INFO (23, ints): (0,)
INFO (23, ints): (0,)
INFO (23, ints): (0,)
INFO (23, ints): (0,)
INFO (23, ints): (0,)
INFO (23, ints): (0,)
INFO (23, ints): (0,)
INFO (23, ints): (0,)
INFO (23, ints): (0,)
INFO (23, ints): (0,)
INFO (23, ints): (0,)
INFO (23, ints): (0,)
INFO (23, ints): (0,)
INFO (23, ints): (0,)
INFO (23, ints): (0,)
INFO (23, ints): (0,)
INFO (23, ints): (0,)
INFO (23, ints): (0,)
INFO (23, ints): (0,)
INFO (23, ints): (0,)
INFO (23, ints): (0,)
INFO (23, ints): (0,)
INFO (23, ints): (0,)
INFO (23, ints): (0,)
INFO (23, ints): (0,)
INFO (23, ints): (0,)
INFO (23, ints): (0,)
INFO (23, ints): (0,)
INFO (23, ints): (0,)
INFO (23, ints): (0,)
INFO (23, ints): (0,)
INFO (23, ints): (0,)
INFO (23, ints): (0,)
INFO (23, ints): (0,)
INFO (23, ints): (0,)
INFO (23, ints): (0,)
INFO (23, ints): (0,)
INFO (23, ints): (0,)
INFO (23, ints): (0,)
INFO (23, ints): (0,)
INFO (23, ints): (0,)
INFO (23, ints): (0,)
INFO (23, ints): (0,)
INFO (23, ints): (0,)
INFO (23, ints): (0,)
INFO (23, ints): (0,)
INFO (23, ints): (0,)
INFO (23, ints): (0,)
INFO (23, ints): (0,)
INFO (23, ints): (0,)
INFO (23, ints): (0,)
INFO (23, ints): (0,)
INFO (23, ints): (0,)
INFO (23, ints): (1601397099,)
INFO (23, ints): (1852399981,)
INFO (23, ints): (774910303,)
INFO (23, ints): (6383476,)
INFO (23, ints): (0,)
INFO (23, ints): (0,)
INFO (23, ints): (0,)
INFO (23, ints): (0,)
INFO (23, ints): (1601397099,)
INFO (23, ints): (1852399981,)
INFO (23, ints): (774910303,)
INFO (23, ints): (6383476,)
INFO (23, ints): (0,)
INFO (23, ints): (0,)
INFO (23, ints): (0,)
INFO (23, ints): (0,)
INFO (23, ints): (1601397099,)
INFO (23, ints): (1635018084,)
INFO (23, ints): (912223337,)
INFO (23, ints): (1634169902,)
INFO (23, ints): (0,)
INFO (23, ints): (0,)
INFO (23, ints): (0,)
INFO (23, ints): (0,)
INFO (23, ints): (1601397099,)
INFO (23, ints): (1635018084,)
INFO (23, ints): (929000553,)
INFO (23, ints): (1634169902,)
INFO (23, ints): (0,)
INFO (23, ints): (0,)
INFO (23, ints): (0,)
INFO (23, ints): (0,)
INFO (23, ints): (1601397099,)
INFO (23, ints): (1635018084,)
INFO (23, ints): (878668905,)
INFO (23, ints): (1634169902,)
INFO (23, ints): (0,)
INFO (23, ints): (0,)
INFO (23, ints): (0,)
INFO (23, ints): (0,)
INFO (23, ints): (1601397099,)
INFO (23, ints): (1635018084,)
INFO (23, ints): (929000553,)
INFO (23, ints): (1634169902,)
INFO (23, ints): (0,)
INFO (23, ints): (0,)
INFO (23, ints): (0,)
INFO (23, ints): (0,)
INFO (23, ints): (0,)
INFO (23, ints): (0,)
INFO (23, ints): (0,)
INFO (23, ints): (0,)
INFO (23, ints): (0,)
INFO (23, ints): (0,)
INFO (23, ints): (0,)
INFO (23, ints): (0,)
INFO (23, ints): (0,)
INFO (23, ints): (0,)
INFO (23, ints): (0,)
INFO (23, ints): (0,)
INFO (23, ints): (0,)
INFO (23, ints): (0,)
INFO (23, ints): (0,)
INFO (23, ints): (0,)
INFO (23, ints): (0,)
INFO (23, ints): (0,)
INFO (23, ints): (0,)
INFO (23, ints): (0,)
INFO (23, ints): (0,)
INFO (23, ints): (0,)
INFO (23, ints): (0,)
INFO (23, ints): (0,)
INFO (23, ints): (0,)
INFO (23, ints): (0,)
INFO (23, ints): (0,)
INFO (23, ints): (0,)
INFO (23, ints): (0,)
INFO (23, ints): (0,)
INFO (23, ints): (0,)
INFO (23, ints): (0,)
INFO (23, ints): (0,)
INFO (23, ints): (0,)
INFO (23, ints): (0,)
INFO (23, ints): (0,)
INFO (23, ints): (0,)
INFO (23, ints): (0,)
INFO (23, ints): (0,)
INFO (23, ints): (0,)
INFO (23, ints): (0,)
INFO (23, ints): (0,)
INFO (23, ints): (0,)
INFO (23, ints): (0,)
INFO (23, ints): (0,)
INFO (23, ints): (0,)
INFO (23, ints): (0,)
INFO (23, ints): (0,)
INFO (23, ints): (0,)
INFO (23, ints): (0,)
INFO (23, ints): (0,)
INFO (23, ints): (0,)
INFO (23, ints): (0,)
INFO (23, ints): (0,)
INFO (23, ints): (0,)
INFO (23, ints): (0,)
INFO (23, ints): (0,)
INFO (23, ints): (0,)
INFO (23, ints): (0,)
INFO (23, ints): (0,)
INFO (23, ints): (0,)
INFO (23, ints): (0,)
INFO (23, ints): (0,)
INFO (23, ints): (0,)
INFO (23, ints): (0,)
INFO (23, ints): (0,)
INFO (23, ints): (0,)
INFO (23, ints): (0,)
INFO (23, ints): (0,)
INFO (23, ints): (0,)
INFO (23, ints): (0,)
INFO (23, ints): (0,)
INFO (23, ints): (0,)
INFO (23, ints): (0,)
INFO (23, ints): (0,)
INFO (23, ints): (0,)
INFO (23, ints): (0,)
INFO (23, ints): (0,)
INFO (23, ints): (0,)
INFO (23, ints): (0,)
INFO (23, ints): (1601397099,)
INFO (23, ints): (1635018084,)
INFO (23, ints): (878668905,)
INFO (23, ints): (1634169902,)
INFO (23, ints): (0,)
INFO (23, ints): (0,)
INFO (23, ints): (0,)
INFO (23, ints): (0,)
INFO (23, ints): (1601397099,)
INFO (23, ints): (1635018084,)
INFO (23, ints): (878668905,)
INFO (23, ints): (1634169902,)
INFO (23, ints): (0,)
INFO (23, ints): (0,)
INFO (23, ints): (0,)
INFO (23, ints): (0,)
INFO (23, ints): (0,)
INFO (23, ints): (0,)
INFO (23, ints): (0,)
INFO (23, ints): (0,)
INFO (23, ints): (0,)
INFO (23, ints): (0,)
INFO (23, ints): (0,)
INFO (23, ints): (0,)
INFO (23, ints): (0,)
INFO (23, ints): (0,)
INFO (23, ints): (0,)
INFO (23, ints): (0,)
INFO (23, ints): (0,)
INFO (23, ints): (0,)
INFO (23, ints): (0,)
INFO (23, ints): (0,)
INFO (23, ints): (0,)
INFO (23, ints): (0,)
INFO (23, ints): (0,)
INFO (23, ints): (0,)
INFO (23, ints): (0,)
INFO (23, ints): (0,)
INFO (23, ints): (0,)
INFO (23, ints): (0,)
INFO (23, ints): (0,)
INFO (23, ints): (0,)
INFO (23, ints): (0,)
INFO (23, ints): (0,)
INFO (23, ints): (0,)
INFO (23, ints): (0,)
INFO (23, ints): (0,)
INFO (23, ints): (0,)
INFO (23, ints): (0,)
INFO (23, ints): (0,)
INFO (23, ints): (0,)
INFO (23, ints): (0,)
INFO (23, ints): (0,)
INFO (23, ints): (0,)
INFO (23, ints): (0,)
INFO (23, ints): (0,)
INFO (23, ints): (0,)
INFO (23, ints): (0,)
INFO (23, ints): (0,)
INFO (23, ints): (0,)
INFO (23, ints): (0,)
INFO (23, ints): (0,)
INFO (23, ints): (0,)
INFO (23, ints): (0,)
INFO (23, ints): (0,)
INFO (23, ints): (0,)
INFO (23, ints): (0,)
INFO (23, ints): (0,)
INFO (23, ints): (0,)
INFO (23, ints): (0,)
INFO (23, ints): (0,)
INFO (23, ints): (0,)
INFO (23, ints): (0,)
INFO (23, ints): (0,)
INFO (23, ints): (0,)
INFO (23, ints): (0,)
INFO (23, ints): (0,)
INFO (23, ints): (0,)
INFO (23, ints): (0,)
INFO (23, ints): (0,)
INFO (23, ints): (0,)
INFO (23, ints): (0,)
INFO (23, ints): (0,)
INFO (23, ints): (0,)
INFO (23, ints): (0,)
INFO (23, ints): (0,)
INFO (23, ints): (0,)
INFO (23, ints): (0,)
INFO (23, ints): (0,)
INFO (23, ints): (0,)
INFO (23, ints): (0,)
INFO (23, ints): (0,)
INFO (23, ints): (0,)
INFO (23, ints): (0,)
INFO (23, ints): (0,)
INFO (23, ints): (0,)
INFO (23, ints): (0,)
INFO (23, ints): (0,)
INFO (23, ints): (0,)
INFO (23, ints): (0,)
INFO (23, ints): (0,)
INFO (23, ints): (0,)
INFO (23, ints): (0,)
INFO (23, ints): (0,)
INFO (23, ints): (0,)
INFO (23, ints): (0,)
INFO (23, ints): (0,)
INFO (23, ints): (0,)
INFO (23, ints): (0,)
INFO (23, ints): (0,)
INFO (23, ints): (0,)
INFO (23, ints): (0,)
INFO (23, ints): (0,)
INFO (23, ints): (0,)
INFO (23, ints): (0,)
INFO (23, ints): (0,)
INFO (23, ints): (0,)
INFO (23, ints): (0,)
INFO (23, ints): (0,)
INFO (23, ints): (0,)
INFO (23, ints): (0,)
INFO (23, ints): (0,)
INFO (23, ints): (0,)
INFO (23, ints): (0,)
INFO (23, ints): (0,)
INFO (23, ints): (0,)
INFO (23, ints): (0,)
INFO (23, ints): (0,)
INFO (31, floats): 

--- FLOATS ---

INFO (34, floats): (1.6142958309021893e-42,)
INFO (34, floats): (4.203895392974451e-45,)
INFO (34, floats): (1.4349296274686127e-42,)
INFO (34, floats): (3.60133705331478e-43,)
INFO (34, floats): (2.802596928649634e-45,)
INFO (34, floats): (32.0,)
INFO (34, floats): (0.10000000149011612,)
INFO (34, floats): (nan,)
INFO (34, floats): (1.793662034335766e-43,)
INFO (34, floats): (nan,)
INFO (34, floats): (1.793662034335766e-43,)
INFO (34, floats): (0.0,)
INFO (34, floats): (0.0,)
INFO (34, floats): (0.0,)
INFO (34, floats): (0.0,)
INFO (34, floats): (0.0,)
INFO (34, floats): (0.015625,)
INFO (34, floats): (0.0078125,)
INFO (34, floats): (0.0078125,)
INFO (34, floats): (0.0078125,)
INFO (34, floats): (0.015625,)
INFO (34, floats): (0.0078125,)
INFO (34, floats): (0.0078125,)
INFO (34, floats): (0.015625,)
INFO (34, floats): (0.03125,)
INFO (34, floats): (0.03125,)
INFO (34, floats): (0.03125,)
INFO (34, floats): (0.03125,)
INFO (34, floats): (0.03125,)
INFO (34, floats): (0.03125,)
INFO (34, floats): (0.00390625,)
INFO (34, floats): (0.00390625,)
INFO (34, floats): (1.7537416071701594e+19,)
INFO (34, floats): (1.8056946957705663e+28,)
INFO (34, floats): (5.521010926386084e+31,)
INFO (34, floats): (3.4941377207939314e-41,)
INFO (34, floats): (0.0,)
INFO (34, floats): (0.0,)
INFO (34, floats): (0.0,)
INFO (34, floats): (0.0,)
INFO (34, floats): (1.7537416071701594e+19,)
INFO (34, floats): (1.8056946957705663e+28,)
INFO (34, floats): (5.521134720390013e+31,)
INFO (34, floats): (3.4941377207939314e-41,)
INFO (34, floats): (0.0,)
INFO (34, floats): (0.0,)
INFO (34, floats): (0.0,)
INFO (34, floats): (0.0,)
INFO (34, floats): (1.7537416071701594e+19,)
INFO (34, floats): (1.8056946957705663e+28,)
INFO (34, floats): (5.520763338378227e+31,)
INFO (34, floats): (3.4941377207939314e-41,)
INFO (34, floats): (0.0,)
INFO (34, floats): (0.0,)
INFO (34, floats): (0.0,)
INFO (34, floats): (0.0,)
INFO (34, floats): (1.7537416071701594e+19,)
INFO (34, floats): (1.8056946957705663e+28,)
INFO (34, floats): (5.1208256385271156e-11,)
INFO (34, floats): (8.945155115854326e-39,)
INFO (34, floats): (0.0,)
INFO (34, floats): (0.0,)
INFO (34, floats): (0.0,)
INFO (34, floats): (0.0,)
INFO (34, floats): (0.0,)
INFO (34, floats): (0.0,)
INFO (34, floats): (0.0,)
INFO (34, floats): (0.0,)
INFO (34, floats): (0.0,)
INFO (34, floats): (0.0,)
INFO (34, floats): (0.0,)
INFO (34, floats): (0.0,)
INFO (34, floats): (0.0,)
INFO (34, floats): (0.0,)
INFO (34, floats): (0.0,)
INFO (34, floats): (0.0,)
INFO (34, floats): (0.0,)
INFO (34, floats): (0.0,)
INFO (34, floats): (0.0,)
INFO (34, floats): (0.0,)
INFO (34, floats): (0.0,)
INFO (34, floats): (0.0,)
INFO (34, floats): (0.0,)
INFO (34, floats): (0.0,)
INFO (34, floats): (0.0,)
INFO (34, floats): (0.0,)
INFO (34, floats): (0.0,)
INFO (34, floats): (0.0,)
INFO (34, floats): (0.0,)
INFO (34, floats): (0.0,)
INFO (34, floats): (0.0,)
INFO (34, floats): (0.0,)
INFO (34, floats): (0.0,)
INFO (34, floats): (0.0,)
INFO (34, floats): (0.0,)
INFO (34, floats): (0.0,)
INFO (34, floats): (0.0,)
INFO (34, floats): (0.0,)
INFO (34, floats): (0.0,)
INFO (34, floats): (0.0,)
INFO (34, floats): (0.0,)
INFO (34, floats): (0.0,)
INFO (34, floats): (0.0,)
INFO (34, floats): (0.0,)
INFO (34, floats): (0.0,)
INFO (34, floats): (0.0,)
INFO (34, floats): (0.0,)
INFO (34, floats): (0.0,)
INFO (34, floats): (0.0,)
INFO (34, floats): (0.0,)
INFO (34, floats): (0.0,)
INFO (34, floats): (0.0,)
INFO (34, floats): (0.0,)
INFO (34, floats): (0.0,)
INFO (34, floats): (0.0,)
INFO (34, floats): (0.0,)
INFO (34, floats): (0.0,)
INFO (34, floats): (0.0,)
INFO (34, floats): (0.0,)
INFO (34, floats): (0.0,)
INFO (34, floats): (0.0,)
INFO (34, floats): (0.0,)
INFO (34, floats): (0.0,)
INFO (34, floats): (0.0,)
INFO (34, floats): (0.0,)
INFO (34, floats): (0.0,)
INFO (34, floats): (0.0,)
INFO (34, floats): (0.0,)
INFO (34, floats): (0.0,)
INFO (34, floats): (0.0,)
INFO (34, floats): (0.0,)
INFO (34, floats): (0.0,)
INFO (34, floats): (0.0,)
INFO (34, floats): (0.0,)
INFO (34, floats): (0.0,)
INFO (34, floats): (0.0,)
INFO (34, floats): (0.0,)
INFO (34, floats): (0.0,)
INFO (34, floats): (0.0,)
INFO (34, floats): (0.0,)
INFO (34, floats): (0.0,)
INFO (34, floats): (0.0,)
INFO (34, floats): (0.0,)
INFO (34, floats): (0.0,)
INFO (34, floats): (1.7537416071701594e+19,)
INFO (34, floats): (1.8056946957705663e+28,)
INFO (34, floats): (4.0061617218034584e-11,)
INFO (34, floats): (8.945155115854326e-39,)
INFO (34, floats): (0.0,)
INFO (34, floats): (0.0,)
INFO (34, floats): (0.0,)
INFO (34, floats): (0.0,)
INFO (34, floats): (1.7537416071701594e+19,)
INFO (34, floats): (1.8056946957705663e+28,)
INFO (34, floats): (4.0061617218034584e-11,)
INFO (34, floats): (8.945155115854326e-39,)
INFO (34, floats): (0.0,)
INFO (34, floats): (0.0,)
INFO (34, floats): (0.0,)
INFO (34, floats): (0.0,)
INFO (34, floats): (1.7537416071701594e+19,)
INFO (34, floats): (2.8176946990503952e+20,)
INFO (34, floats): (3.3292692478426034e-06,)
INFO (34, floats): (2.6684809436151467e+20,)
INFO (34, floats): (0.0,)
INFO (34, floats): (0.0,)
INFO (34, floats): (0.0,)
INFO (34, floats): (0.0,)
INFO (34, floats): (1.7537416071701594e+19,)
INFO (34, floats): (2.8176946990503952e+20,)
INFO (34, floats): (1.3317076991370413e-05,)
INFO (34, floats): (2.6684809436151467e+20,)
INFO (34, floats): (0.0,)
INFO (34, floats): (0.0,)
INFO (34, floats): (0.0,)
INFO (34, floats): (0.0,)
INFO (34, floats): (1.7537416071701594e+19,)
INFO (34, floats): (2.8176946990503952e+20,)
INFO (34, floats): (2.080793279901627e-07,)
INFO (34, floats): (2.6684809436151467e+20,)
INFO (34, floats): (0.0,)
INFO (34, floats): (0.0,)
INFO (34, floats): (0.0,)
INFO (34, floats): (0.0,)
INFO (34, floats): (1.7537416071701594e+19,)
INFO (34, floats): (2.8176946990503952e+20,)
INFO (34, floats): (1.3317076991370413e-05,)
INFO (34, floats): (2.6684809436151467e+20,)
INFO (34, floats): (0.0,)
INFO (34, floats): (0.0,)
INFO (34, floats): (0.0,)
INFO (34, floats): (0.0,)
INFO (34, floats): (0.0,)
INFO (34, floats): (0.0,)
INFO (34, floats): (0.0,)
INFO (34, floats): (0.0,)
INFO (34, floats): (0.0,)
INFO (34, floats): (0.0,)
INFO (34, floats): (0.0,)
INFO (34, floats): (0.0,)
INFO (34, floats): (0.0,)
INFO (34, floats): (0.0,)
INFO (34, floats): (0.0,)
INFO (34, floats): (0.0,)
INFO (34, floats): (0.0,)
INFO (34, floats): (0.0,)
INFO (34, floats): (0.0,)
INFO (34, floats): (0.0,)
INFO (34, floats): (0.0,)
INFO (34, floats): (0.0,)
INFO (34, floats): (0.0,)
INFO (34, floats): (0.0,)
INFO (34, floats): (0.0,)
INFO (34, floats): (0.0,)
INFO (34, floats): (0.0,)
INFO (34, floats): (0.0,)
INFO (34, floats): (0.0,)
INFO (34, floats): (0.0,)
INFO (34, floats): (0.0,)
INFO (34, floats): (0.0,)
INFO (34, floats): (0.0,)
INFO (34, floats): (0.0,)
INFO (34, floats): (0.0,)
INFO (34, floats): (0.0,)
INFO (34, floats): (0.0,)
INFO (34, floats): (0.0,)
INFO (34, floats): (0.0,)
INFO (34, floats): (0.0,)
INFO (34, floats): (0.0,)
INFO (34, floats): (0.0,)
INFO (34, floats): (0.0,)
INFO (34, floats): (0.0,)
INFO (34, floats): (0.0,)
INFO (34, floats): (0.0,)
INFO (34, floats): (0.0,)
INFO (34, floats): (0.0,)
INFO (34, floats): (0.0,)
INFO (34, floats): (0.0,)
INFO (34, floats): (0.0,)
INFO (34, floats): (0.0,)
INFO (34, floats): (0.0,)
INFO (34, floats): (0.0,)
INFO (34, floats): (0.0,)
INFO (34, floats): (0.0,)
INFO (34, floats): (0.0,)
INFO (34, floats): (0.0,)
INFO (34, floats): (0.0,)
INFO (34, floats): (0.0,)
INFO (34, floats): (0.0,)
INFO (34, floats): (0.0,)
INFO (34, floats): (0.0,)
INFO (34, floats): (0.0,)
INFO (34, floats): (0.0,)
INFO (34, floats): (0.0,)
INFO (34, floats): (0.0,)
INFO (34, floats): (0.0,)
INFO (34, floats): (0.0,)
INFO (34, floats): (0.0,)
INFO (34, floats): (0.0,)
INFO (34, floats): (0.0,)
INFO (34, floats): (0.0,)
INFO (34, floats): (0.0,)
INFO (34, floats): (0.0,)
INFO (34, floats): (0.0,)
INFO (34, floats): (0.0,)
INFO (34, floats): (0.0,)
INFO (34, floats): (0.0,)
INFO (34, floats): (0.0,)
INFO (34, floats): (0.0,)
INFO (34, floats): (0.0,)
INFO (34, floats): (0.0,)
INFO (34, floats): (0.0,)
INFO (34, floats): (1.7537416071701594e+19,)
INFO (34, floats): (2.8176946990503952e+20,)
INFO (34, floats): (2.080793279901627e-07,)
INFO (34, floats): (2.6684809436151467e+20,)
INFO (34, floats): (0.0,)
INFO (34, floats): (0.0,)
INFO (34, floats): (0.0,)
INFO (34, floats): (0.0,)
INFO (34, floats): (1.7537416071701594e+19,)
INFO (34, floats): (2.8176946990503952e+20,)
INFO (34, floats): (2.080793279901627e-07,)
INFO (34, floats): (2.6684809436151467e+20,)
INFO (34, floats): (0.0,)
INFO (34, floats): (0.0,)
INFO (34, floats): (0.0,)
INFO (34, floats): (0.0,)
INFO (34, floats): (0.0,)
INFO (34, floats): (0.0,)
INFO (34, floats): (0.0,)
INFO (34, floats): (0.0,)
INFO (34, floats): (0.0,)
INFO (34, floats): (0.0,)
INFO (34, floats): (0.0,)
INFO (34, floats): (0.0,)
INFO (34, floats): (0.0,)
INFO (34, floats): (0.0,)
INFO (34, floats): (0.0,)
INFO (34, floats): (0.0,)
INFO (34, floats): (0.0,)
INFO (34, floats): (0.0,)
INFO (34, floats): (0.0,)
INFO (34, floats): (0.0,)
INFO (34, floats): (0.0,)
INFO (34, floats): (0.0,)
INFO (34, floats): (0.0,)
INFO (34, floats): (0.0,)
INFO (34, floats): (0.0,)
INFO (34, floats): (0.0,)
INFO (34, floats): (0.0,)
INFO (34, floats): (0.0,)
INFO (34, floats): (0.0,)
INFO (34, floats): (0.0,)
INFO (34, floats): (0.0,)
INFO (34, floats): (0.0,)
INFO (34, floats): (0.0,)
INFO (34, floats): (0.0,)
INFO (34, floats): (0.0,)
INFO (34, floats): (0.0,)
INFO (34, floats): (0.0,)
INFO (34, floats): (0.0,)
INFO (34, floats): (0.0,)
INFO (34, floats): (0.0,)
INFO (34, floats): (0.0,)
INFO (34, floats): (0.0,)
INFO (34, floats): (0.0,)
INFO (34, floats): (0.0,)
INFO (34, floats): (0.0,)
INFO (34, floats): (0.0,)
INFO (34, floats): (0.0,)
INFO (34, floats): (0.0,)
INFO (34, floats): (0.0,)
INFO (34, floats): (0.0,)
INFO (34, floats): (0.0,)
INFO (34, floats): (0.0,)
INFO (34, floats): (0.0,)
INFO (34, floats): (0.0,)
INFO (34, floats): (0.0,)
INFO (34, floats): (0.0,)
INFO (34, floats): (0.0,)
INFO (34, floats): (0.0,)
INFO (34, floats): (0.0,)
INFO (34, floats): (0.0,)
INFO (34, floats): (0.0,)
INFO (34, floats): (0.0,)
INFO (34, floats): (0.0,)
INFO (34, floats): (0.0,)
INFO (34, floats): (0.0,)
INFO (34, floats): (0.0,)
INFO (34, floats): (0.0,)
INFO (34, floats): (0.0,)
INFO (34, floats): (0.0,)
INFO (34, floats): (0.0,)
INFO (34, floats): (0.0,)
INFO (34, floats): (0.0,)
INFO (34, floats): (0.0,)
INFO (34, floats): (0.0,)
INFO (34, floats): (0.0,)
INFO (34, floats): (0.0,)
INFO (34, floats): (0.0,)
INFO (34, floats): (0.0,)
INFO (34, floats): (0.0,)
INFO (34, floats): (0.0,)
INFO (34, floats): (0.0,)
INFO (34, floats): (0.0,)
INFO (34, floats): (0.0,)
INFO (34, floats): (0.0,)
INFO (34, floats): (0.0,)
INFO (34, floats): (0.0,)
INFO (34, floats): (0.0,)
INFO (34, floats): (0.0,)
INFO (34, floats): (0.0,)
INFO (34, floats): (0.0,)
INFO (34, floats): (0.0,)
INFO (34, floats): (0.0,)
INFO (34, floats): (0.0,)
INFO (34, floats): (0.0,)
INFO (34, floats): (0.0,)
INFO (34, floats): (0.0,)
INFO (34, floats): (0.0,)
INFO (34, floats): (0.0,)
INFO (34, floats): (0.0,)
INFO (34, floats): (0.0,)
INFO (34, floats): (0.0,)
INFO (34, floats): (0.0,)
INFO (34, floats): (0.0,)
INFO (34, floats): (0.0,)
INFO (34, floats): (0.0,)
INFO (34, floats): (0.0,)
INFO (34, floats): (0.0,)
INFO (34, floats): (0.0,)
INFO (34, floats): (0.0,)
INFO (34, floats): (0.0,)
INFO (34, floats): (0.0,)
INFO (34, floats): (0.0,)
INFO (34, floats): (0.0,)
INFO (34, floats): (0.0,)
INFO (34, floats): (0.0,)
INFO (34, floats): (0.0,)
