INFO (8, i): <ter22.Terrain object at 0x026EFCD0> data size before 1676148
INFO (21, load): 
---
kashyyyk3.xxw
INFO (23, load): ter_ver: 3
INFO (23, load): map_extents: (1024, 0, 257, 0)
INFO (23, load): unknown: [2, b'\x00\x00\x00=\x00\x00\x00=\x00\x00\x00=\x00\x00\x00=\x00\x00\x00=\x00\x00\x80;\x00\x00\x80;kas_main_6.tga\x00\x00\x00\x00\x00\x00\x00\x00\x00\x00\x00\x00\x00\x00\x00\x00\x00\x00kas_', 24935, 0, 0, b'\x04\xf6\x04\xf6\x04\xf6\x04\xf6\x04\xf6\x04\xf6\x04\xf6\x04\xf6\x04\xf6\x04\xf6\x04\xf6\x04\xf6\x04\xf6\x04\xf6\x04\xf6\x04\xf6\x04\xf6\x04\xf6\x04\xf6\x04\xf6\x04\xf6\x04\xf6\x04\xf6\x04\xf6\x04\xf6\x04\xf6\x04\xf6\x04\xf6\x04\xf6\x04\xf6\x04\xf6\x04\xf6\x04\xf6\x04\xf6\x04\xf6\x04\xf6\x04\xf6\x04\xf6\x04\xf6\x04\xf6\x04\xf6\x04\xf6\x04\xf6\x04\xf6\x04\xf6\x04\xf6\x04\xf6\x04\xf6\x04\xf6\x04\xf6\x04\xf6\x04\xf6\x04\xf6\x04\xf6\x04\xf6\x04\xf6\x04\xf6\x04\xf6\x04\xf6\x04\xf6\x04\xf6\x04\xf6\x04\xf6\x04\xf6\x04\xf6\x04\xf6\x04\xf6\x04\xf6\x04\xf6\x04\xf6\x04\xf6\x04\xf6\x04\xf6\x04\xf6\x04\xf6\x04\xf6\x04\xf6\x04\xf6\x04\xf6\x04\xf6\x04\xf6\x04\xf6\x04\xf6\x04\xf6\x04\xf6\x04\xf6\x04\xf6\x04\xf6\x04\xf6\x04\xf6\x04\xf6\x04\xf6\x04\xf6\x04\xf6\x04\xf6\x04\xf6\x04\xf6\x04\xf6\x04\xf6\x04\xf6\x04\xf6\x04\xf6\x04\xf6\x04\xf6\x04\xf6\x04\xf6\x04\xf6\x04\xf6\x04\xf6\x04\xf6\x04\xf6\x04\xf6\x04\xf6\x04\xf6\x04\xf6\x04\xf6\x04\xf6\x04\xf6\x04\xf6\x04\xf6\x04\xf6\x04\xf6\x04\xf6\x04\xf6\x04\xf6\x04\xf6\x04\xf6']
INFO (23, load): map_height: 1.8056946957705663e+28
INFO (23, load): grid_size: 5.521134720390013e+31
INFO (23, load): map_size: 0
INFO (8, i): <ter22.Terrain object at 0x026EFCD0> data size before 2529713
INFO (21, load): 
---
geo1.ter
INFO (23, load): ter_ver: 22
INFO (23, load): map_extents: (-128, -128, 128, 128)
INFO (23, load): unknown: [164, b'\x00\x00\x00\x00\x00\x00\x00\x00\x00\x00\x00\x00\x00\x00\x00\x00\x00\x00\x00\x00\x00\x00\x00\x00\x00\x00\x00\x00\x00\x00\x00\x00\x00\x00\x00\x00\x00\x00\x00\x00\x00\x00\x00\x00\x00\x00\x00\x00\x00\x00\x00\x00\x00\x00\x00\x00\x00\x00\x00\x00\x00\x00\x00\x00', 1, 2, 15, b'\x00\x00\x00\x00\x00\x00\x00\x00\x00\x00\x00\x00\x00\x00\x00\x00\x00\x00\x00\x00\x00\x00\x00\x00\x00\x00\x00\x00\x00\x00\x00\x00\x00\x00\x00\x00\x00\x00\x00\x00\x00\x00\x00\x00\x00\x00\x00\x00\x00\x00\x00\x00\x00\x00\x00\x00\x00\x00\x00\x00\x00\x00\x00\x00hoth_decal_1.tga\x00\x00\x00\x00\x00\x00\x00\x00\x00\x00\x00\x00\x00\x00\x00\x00\x00\x00\x00\x00\x00\x00\x00\x00\x00\x00\x00\x00\x00\x00\x00\x00\x00\x00\x00\x00\x00\x00\x00\x00\x00\x00\x00\x00\x00\x00\x00\x00\x00\x00\x00\x00\x00\x00\x00\x00\x00\x00\x00\x00\x00\x00\x00\x00\x00\x00\x00\x00\x00\x00\x00\x00\x00\x00\x00\x00\x00\x00\x00\x00\x00\x00\x00\x00\x00\x00\x00\x00\x00\x00\x00\x00\x00\x00\x00\x00\x00\x00\x00\x00\x00\x00\x00\x00\x00\x00\x00\x00\x00\x00\x00\x00\x00\x00\x00\x00\x00\x00\x00\x00\x00\x00\x00\x00\x00\x00\x00\x00\x00\x00\x00\x00\x00\x00\x00\x00\x00\x00\x00\x00\x00\x00\x00\x00\x00\x00\x00\x00\x00\x00\x00\x00\x00\x00\x00\x00\x00\x00\x00\x00\x00\x00\x00\x00\x00\x00\x00\x00\x00\x00\x00\x00\x00\x00']
INFO (23, load): map_height: 0.05999999865889549
INFO (23, load): grid_size: 8.0
INFO (23, load): map_size: 256
